2026-05-09 13:10:05,360 - INFO - Connecting to: https://dongnguyen.bacninh.gov.vn/danh-b%E1%BA%A1-%C4%91i%E1%BB%87n-t%E1%BB%AD
2026-05-09 13:10:05,601 - INFO - Success: https://dongnguyen.bacninh.gov.vn/danh-b%E1%BA%A1-%C4%91i%E1%BB%87n-t%E1%BB%AD
2026-05-09 13:10:05,602 - INFO - Starting table mining
2026-05-09 13:10:05,619 - INFO - Found 8 tables
2026-05-09 13:10:05,644 - INFO - Found 15 emails
2026-05-09 13:10:05,878 - INFO - Export completed for dongnguyen_bacninh_gov_vn
2026-05-09 13:10:05,881 - INFO - Connecting to: https://bacgiang.gov.vn/danh-ba-dien-tu
2026-05-09 13:10:05,930 - ERROR - Connection error for https://bacgiang.gov.vn/danh-ba-dien-tu: HTTPSConnectionPool(host='bacgiang.gov.vn', port=443): Max retries exceeded with url: /danh-ba-dien-tu (Caused by SSLError(SSLCertVerificationError(1, '[SSL: CERTIFICATE_VERIFY_FAILED] certificate verify failed: unable to get local issuer certificate (_ssl.c:1129)')))
2026-05-09 13:10:05,931 - INFO - Connecting to: https://danhba.hanoi.edu.vn/
2026-05-09 13:10:06,067 - INFO - Success: https://danhba.hanoi.edu.vn/
2026-05-09 13:10:06,068 - INFO - Starting table mining
2026-05-09 13:11:20,378 - INFO - Connecting to: https://dongnguyen.bacninh.gov.vn/danh-b%E1%BA%A1-%C4%91i%E1%BB%87n-t%E1%BB%AD
2026-05-09 13:11:20,918 - INFO - Success: https://dongnguyen.bacninh.gov.vn/danh-b%E1%BA%A1-%C4%91i%E1%BB%87n-t%E1%BB%AD
2026-05-09 13:11:20,919 - INFO - Starting table mining
2026-05-09 13:11:20,936 - INFO - Found 8 tables
2026-05-09 13:11:20,959 - INFO - Found 15 emails
2026-05-09 13:11:21,189 - INFO - Export completed for dongnguyen_bacninh_gov_vn
2026-05-09 13:11:21,193 - INFO - Connecting to: https://bacgiang.gov.vn/danh-ba-dien-tu
2026-05-09 13:11:22,531 - INFO - Success: https://bacgiang.gov.vn/danh-ba-dien-tu
2026-05-09 13:11:22,532 - INFO - Starting table mining
2026-05-09 13:11:22,583 - INFO - Found 1 tables
2026-05-09 13:11:22,852 - INFO - Found 288 emails
2026-05-09 13:11:22,949 - INFO - Export completed for bacgiang_gov_vn
2026-05-09 13:11:22,953 - INFO - Connecting to: https://danhba.hanoi.edu.vn/
2026-05-09 13:11:23,086 - INFO - Success: https://danhba.hanoi.edu.vn/
2026-05-09 13:11:23,086 - INFO - Starting table mining
2026-05-09 13:11:23,109 - INFO - Found 18 tables
2026-05-09 13:11:23,125 - INFO - Found 13 emails
2026-05-09 13:11:23,159 - INFO - Export completed for danhba_hanoi_edu_vn
2026-05-09 13:11:23,162 - INFO - Connecting to: https://nghiata.thainguyen.gov.vn/danh-ba-dien-tu
2026-05-09 13:11:25,307 - INFO - Success: https://nghiata.thainguyen.gov.vn/danh-ba-dien-tu
2026-05-09 13:11:25,307 - INFO - Starting table mining
2026-05-09 13:11:25,330 - INFO - Found 12 tables
2026-05-09 13:11:25,371 - INFO - Found 1 emails
2026-05-09 13:11:25,400 - INFO - Export completed for nghiata_thainguyen_gov_vn
2026-05-09 13:11:25,403 - INFO - Connecting to: https://caobang.gov.vn/danh-ba-dien-tu
2026-05-09 13:11:46,619 - INFO - Success: https://caobang.gov.vn/danh-ba-dien-tu
2026-05-09 13:11:46,620 - INFO - Starting table mining
2026-05-09 13:11:46,631 - INFO - Found 7 tables
2026-05-09 13:11:46,651 - INFO - Found 4 emails
2026-05-09 13:11:46,669 - INFO - Export completed for caobang_gov_vn
2026-05-09 13:11:46,672 - INFO - Connecting to: https://dcks.mae.gov.vn/gioi-thieu/danh-ba-dien-thoai-1406.htm
2026-05-09 13:11:49,107 - INFO - Success: https://dcks.mae.gov.vn/gioi-thieu/danh-ba-dien-thoai-1406.htm
2026-05-09 13:11:49,107 - INFO - Starting table mining
2026-05-09 13:11:49,138 - INFO - Found 15 tables
2026-05-09 13:11:49,209 - INFO - Found 87 emails
2026-05-09 13:11:49,249 - INFO - Export completed for dcks_mae_gov_vn
2026-05-09 13:14:03,330 - INFO - Connecting to: https://dongnguyen.bacninh.gov.vn/danh-b%E1%BA%A1-%C4%91i%E1%BB%87n-t%E1%BB%AD
2026-05-09 13:14:03,894 - INFO - Success: https://dongnguyen.bacninh.gov.vn/danh-b%E1%BA%A1-%C4%91i%E1%BB%87n-t%E1%BB%AD
2026-05-09 13:14:03,895 - INFO - Starting table mining
2026-05-09 13:14:03,911 - INFO - Valid tables found: 2
2026-05-09 13:14:03,934 - INFO - Found 15 emails
2026-05-09 13:14:04,166 - INFO - Export completed for dongnguyen_bacninh_gov_vn
2026-05-09 13:14:04,169 - INFO - Connecting to: https://bacgiang.gov.vn/danh-ba-dien-tu
2026-05-09 13:14:05,607 - INFO - Success: https://bacgiang.gov.vn/danh-ba-dien-tu
2026-05-09 13:14:05,608 - INFO - Starting table mining
2026-05-09 13:14:05,658 - INFO - Valid tables found: 1
2026-05-09 13:14:05,926 - INFO - Found 288 emails
2026-05-09 13:14:06,022 - INFO - Export completed for bacgiang_gov_vn
2026-05-09 13:14:06,026 - INFO - Connecting to: https://danhba.hanoi.edu.vn/
2026-05-09 13:14:06,153 - INFO - Success: https://danhba.hanoi.edu.vn/
2026-05-09 13:14:06,153 - INFO - Starting table mining
2026-05-09 13:14:06,174 - INFO - Valid tables found: 1
2026-05-09 13:14:06,190 - INFO - Found 13 emails
2026-05-09 13:14:06,198 - INFO - Export completed for danhba_hanoi_edu_vn
2026-05-09 13:14:06,201 - INFO - Connecting to: https://nghiata.thainguyen.gov.vn/danh-ba-dien-tu
2026-05-09 13:14:08,366 - INFO - Success: https://nghiata.thainguyen.gov.vn/danh-ba-dien-tu
2026-05-09 13:14:08,367 - INFO - Starting table mining
2026-05-09 13:14:08,388 - INFO - Valid tables found: 4
2026-05-09 13:14:08,424 - INFO - Found 1 emails
2026-05-09 13:14:08,439 - INFO - Export completed for nghiata_thainguyen_gov_vn
2026-05-09 13:14:08,443 - INFO - Connecting to: https://caobang.gov.vn/danh-ba-dien-tu
2026-05-09 13:14:29,557 - INFO - Success: https://caobang.gov.vn/danh-ba-dien-tu
2026-05-09 13:14:29,557 - INFO - Starting table mining
2026-05-09 13:14:29,568 - INFO - Valid tables found: 3
2026-05-09 13:14:29,588 - INFO - Found 4 emails
2026-05-09 13:14:29,600 - INFO - Export completed for caobang_gov_vn
2026-05-09 13:14:29,603 - INFO - Connecting to: https://dcks.mae.gov.vn/gioi-thieu/danh-ba-dien-thoai-1406.htm
2026-05-09 13:14:30,642 - INFO - Success: https://dcks.mae.gov.vn/gioi-thieu/danh-ba-dien-thoai-1406.htm
2026-05-09 13:14:30,642 - INFO - Starting table mining
2026-05-09 13:14:30,675 - INFO - Valid tables found: 14
2026-05-09 13:14:30,745 - INFO - Found 87 emails
2026-05-09 13:14:30,782 - INFO - Export completed for dcks_mae_gov_vn
2026-05-10 23:24:06,644 - INFO - NumExpr defaulting to 12 threads.
2026-05-10 23:24:06,798 - INFO - Connecting to: https://angiang/danh-ba-dien-tu
2026-05-10 23:24:06,809 - ERROR - Connection error for https://angiang/danh-ba-dien-tu: HTTPSConnectionPool(host='angiang', port=443): Max retries exceeded with url: /danh-ba-dien-tu (Caused by NameResolutionError("HTTPSConnection(host='angiang', port=443): Failed to resolve 'angiang' ([Errno -3] Temporary failure in name resolution)"))
2026-05-10 23:24:06,809 - INFO - Connecting to: https://bariavungtau/danh-ba-dien-tu
2026-05-10 23:24:06,817 - ERROR - Connection error for https://bariavungtau/danh-ba-dien-tu: HTTPSConnectionPool(host='bariavungtau', port=443): Max retries exceeded with url: /danh-ba-dien-tu (Caused by NameResolutionError("HTTPSConnection(host='bariavungtau', port=443): Failed to resolve 'bariavungtau' ([Errno -3] Temporary failure in name resolution)"))
2026-05-10 23:24:06,818 - INFO - Connecting to: https://baclieu/danh-ba-dien-tu
2026-05-10 23:24:06,825 - ERROR - Connection error for https://baclieu/danh-ba-dien-tu: HTTPSConnectionPool(host='baclieu', port=443): Max retries exceeded with url: /danh-ba-dien-tu (Caused by NameResolutionError("HTTPSConnection(host='baclieu', port=443): Failed to resolve 'baclieu' ([Errno -3] Temporary failure in name resolution)"))
2026-05-10 23:24:06,826 - INFO - Connecting to: https://backan/danh-ba-dien-tu
2026-05-10 23:24:06,833 - ERROR - Connection error for https://backan/danh-ba-dien-tu: HTTPSConnectionPool(host='backan', port=443): Max retries exceeded with url: /danh-ba-dien-tu (Caused by NameResolutionError("HTTPSConnection(host='backan', port=443): Failed to resolve 'backan' ([Errno -3] Temporary failure in name resolution)"))
2026-05-10 23:24:06,834 - INFO - Connecting to: https://bacgiang/danh-ba-dien-tu
2026-05-10 23:24:06,842 - ERROR - Connection error for https://bacgiang/danh-ba-dien-tu: HTTPSConnectionPool(host='bacgiang', port=443): Max retries exceeded with url: /danh-ba-dien-tu (Caused by NameResolutionError("HTTPSConnection(host='bacgiang', port=443): Failed to resolve 'bacgiang' ([Errno -3] Temporary failure in name resolution)"))
2026-05-10 23:24:06,842 - INFO - Connecting to: https://bacninh/danh-ba-dien-tu
2026-05-10 23:24:06,852 - ERROR - Connection error for https://bacninh/danh-ba-dien-tu: HTTPSConnectionPool(host='bacninh', port=443): Max retries exceeded with url: /danh-ba-dien-tu (Caused by NameResolutionError("HTTPSConnection(host='bacninh', port=443): Failed to resolve 'bacninh' ([Errno -3] Temporary failure in name resolution)"))
2026-05-10 23:24:06,853 - INFO - Connecting to: https://bentre/danh-ba-dien-tu
2026-05-10 23:24:06,864 - ERROR - Connection error for https://bentre/danh-ba-dien-tu: HTTPSConnectionPool(host='bentre', port=443): Max retries exceeded with url: /danh-ba-dien-tu (Caused by NameResolutionError("HTTPSConnection(host='bentre', port=443): Failed to resolve 'bentre' ([Errno -3] Temporary failure in name resolution)"))
2026-05-10 23:24:06,864 - INFO - Connecting to: https://binhduong/danh-ba-dien-tu
2026-05-10 23:24:06,873 - ERROR - Connection error for https://binhduong/danh-ba-dien-tu: HTTPSConnectionPool(host='binhduong', port=443): Max retries exceeded with url: /danh-ba-dien-tu (Caused by NameResolutionError("HTTPSConnection(host='binhduong', port=443): Failed to resolve 'binhduong' ([Errno -3] Temporary failure in name resolution)"))
2026-05-10 23:24:06,874 - INFO - Connecting to: https://binhdinh/danh-ba-dien-tu
2026-05-10 23:24:06,884 - ERROR - Connection error for https://binhdinh/danh-ba-dien-tu: HTTPSConnectionPool(host='binhdinh', port=443): Max retries exceeded with url: /danh-ba-dien-tu (Caused by NameResolutionError("HTTPSConnection(host='binhdinh', port=443): Failed to resolve 'binhdinh' ([Errno -3] Temporary failure in name resolution)"))
2026-05-10 23:24:06,885 - INFO - Connecting to: https://binhphuoc/danh-ba-dien-tu
2026-05-10 23:24:06,892 - ERROR - Connection error for https://binhphuoc/danh-ba-dien-tu: HTTPSConnectionPool(host='binhphuoc', port=443): Max retries exceeded with url: /danh-ba-dien-tu (Caused by NameResolutionError("HTTPSConnection(host='binhphuoc', port=443): Failed to resolve 'binhphuoc' ([Errno -3] Temporary failure in name resolution)"))
2026-05-10 23:24:06,893 - INFO - Connecting to: https://binhthuan/danh-ba-dien-tu
2026-05-10 23:24:06,901 - ERROR - Connection error for https://binhthuan/danh-ba-dien-tu: HTTPSConnectionPool(host='binhthuan', port=443): Max retries exceeded with url: /danh-ba-dien-tu (Caused by NameResolutionError("HTTPSConnection(host='binhthuan', port=443): Failed to resolve 'binhthuan' ([Errno -3] Temporary failure in name resolution)"))
2026-05-10 23:24:06,901 - INFO - Connecting to: https://camau/danh-ba-dien-tu
2026-05-10 23:24:06,909 - ERROR - Connection error for https://camau/danh-ba-dien-tu: HTTPSConnectionPool(host='camau', port=443): Max retries exceeded with url: /danh-ba-dien-tu (Caused by NameResolutionError("HTTPSConnection(host='camau', port=443): Failed to resolve 'camau' ([Errno -3] Temporary failure in name resolution)"))
2026-05-10 23:24:06,910 - INFO - Connecting to: https://caobang/danh-ba-dien-tu
2026-05-10 23:24:06,917 - ERROR - Connection error for https://caobang/danh-ba-dien-tu: HTTPSConnectionPool(host='caobang', port=443): Max retries exceeded with url: /danh-ba-dien-tu (Caused by NameResolutionError("HTTPSConnection(host='caobang', port=443): Failed to resolve 'caobang' ([Errno -3] Temporary failure in name resolution)"))
2026-05-10 23:24:06,918 - INFO - Connecting to: https://cantho/danh-ba-dien-tu
2026-05-10 23:24:06,925 - ERROR - Connection error for https://cantho/danh-ba-dien-tu: HTTPSConnectionPool(host='cantho', port=443): Max retries exceeded with url: /danh-ba-dien-tu (Caused by NameResolutionError("HTTPSConnection(host='cantho', port=443): Failed to resolve 'cantho' ([Errno -3] Temporary failure in name resolution)"))
2026-05-10 23:24:06,926 - INFO - Connecting to: https://danang/danh-ba-dien-tu
2026-05-10 23:24:06,932 - ERROR - Connection error for https://danang/danh-ba-dien-tu: HTTPSConnectionPool(host='danang', port=443): Max retries exceeded with url: /danh-ba-dien-tu (Caused by NameResolutionError("HTTPSConnection(host='danang', port=443): Failed to resolve 'danang' ([Errno -3] Temporary failure in name resolution)"))
2026-05-10 23:24:06,933 - INFO - Connecting to: https://daklak/danh-ba-dien-tu
2026-05-10 23:24:06,941 - ERROR - Connection error for https://daklak/danh-ba-dien-tu: HTTPSConnectionPool(host='daklak', port=443): Max retries exceeded with url: /danh-ba-dien-tu (Caused by NameResolutionError("HTTPSConnection(host='daklak', port=443): Failed to resolve 'daklak' ([Errno -3] Temporary failure in name resolution)"))
2026-05-10 23:24:06,942 - INFO - Connecting to: https://daknong/danh-ba-dien-tu
2026-05-10 23:24:06,949 - ERROR - Connection error for https://daknong/danh-ba-dien-tu: HTTPSConnectionPool(host='daknong', port=443): Max retries exceeded with url: /danh-ba-dien-tu (Caused by NameResolutionError("HTTPSConnection(host='daknong', port=443): Failed to resolve 'daknong' ([Errno -3] Temporary failure in name resolution)"))
2026-05-10 23:24:06,949 - INFO - Connecting to: https://dienbien/danh-ba-dien-tu
2026-05-10 23:24:06,957 - ERROR - Connection error for https://dienbien/danh-ba-dien-tu: HTTPSConnectionPool(host='dienbien', port=443): Max retries exceeded with url: /danh-ba-dien-tu (Caused by NameResolutionError("HTTPSConnection(host='dienbien', port=443): Failed to resolve 'dienbien' ([Errno -3] Temporary failure in name resolution)"))
2026-05-10 23:24:06,957 - INFO - Connecting to: https://dongnai/danh-ba-dien-tu
2026-05-10 23:24:06,965 - ERROR - Connection error for https://dongnai/danh-ba-dien-tu: HTTPSConnectionPool(host='dongnai', port=443): Max retries exceeded with url: /danh-ba-dien-tu (Caused by NameResolutionError("HTTPSConnection(host='dongnai', port=443): Failed to resolve 'dongnai' ([Errno -3] Temporary failure in name resolution)"))
2026-05-10 23:24:06,965 - INFO - Connecting to: https://dongthap/danh-ba-dien-tu
2026-05-10 23:24:06,972 - ERROR - Connection error for https://dongthap/danh-ba-dien-tu: HTTPSConnectionPool(host='dongthap', port=443): Max retries exceeded with url: /danh-ba-dien-tu (Caused by NameResolutionError("HTTPSConnection(host='dongthap', port=443): Failed to resolve 'dongthap' ([Errno -3] Temporary failure in name resolution)"))
2026-05-10 23:24:06,973 - INFO - Connecting to: https://gialai/danh-ba-dien-tu
2026-05-10 23:24:06,979 - ERROR - Connection error for https://gialai/danh-ba-dien-tu: HTTPSConnectionPool(host='gialai', port=443): Max retries exceeded with url: /danh-ba-dien-tu (Caused by NameResolutionError("HTTPSConnection(host='gialai', port=443): Failed to resolve 'gialai' ([Errno -3] Temporary failure in name resolution)"))
2026-05-10 23:24:06,980 - INFO - Connecting to: https://hagiang/danh-ba-dien-tu
2026-05-10 23:24:06,988 - ERROR - Connection error for https://hagiang/danh-ba-dien-tu: HTTPSConnectionPool(host='hagiang', port=443): Max retries exceeded with url: /danh-ba-dien-tu (Caused by NameResolutionError("HTTPSConnection(host='hagiang', port=443): Failed to resolve 'hagiang' ([Errno -3] Temporary failure in name resolution)"))
2026-05-10 23:24:06,989 - INFO - Connecting to: https://hanam/danh-ba-dien-tu
2026-05-10 23:24:06,995 - ERROR - Connection error for https://hanam/danh-ba-dien-tu: HTTPSConnectionPool(host='hanam', port=443): Max retries exceeded with url: /danh-ba-dien-tu (Caused by NameResolutionError("HTTPSConnection(host='hanam', port=443): Failed to resolve 'hanam' ([Errno -3] Temporary failure in name resolution)"))
2026-05-10 23:24:06,996 - INFO - Connecting to: https://hanoi/danh-ba-dien-tu
2026-05-10 23:24:07,003 - ERROR - Connection error for https://hanoi/danh-ba-dien-tu: HTTPSConnectionPool(host='hanoi', port=443): Max retries exceeded with url: /danh-ba-dien-tu (Caused by NameResolutionError("HTTPSConnection(host='hanoi', port=443): Failed to resolve 'hanoi' ([Errno -3] Temporary failure in name resolution)"))
2026-05-10 23:24:07,004 - INFO - Connecting to: https://hatinh/danh-ba-dien-tu
2026-05-10 23:24:07,029 - ERROR - Connection error for https://hatinh/danh-ba-dien-tu: HTTPSConnectionPool(host='hatinh', port=443): Max retries exceeded with url: /danh-ba-dien-tu (Caused by NameResolutionError("HTTPSConnection(host='hatinh', port=443): Failed to resolve 'hatinh' ([Errno -3] Temporary failure in name resolution)"))
2026-05-10 23:24:07,030 - INFO - Connecting to: https://haiduong/danh-ba-dien-tu
2026-05-10 23:24:07,037 - ERROR - Connection error for https://haiduong/danh-ba-dien-tu: HTTPSConnectionPool(host='haiduong', port=443): Max retries exceeded with url: /danh-ba-dien-tu (Caused by NameResolutionError("HTTPSConnection(host='haiduong', port=443): Failed to resolve 'haiduong' ([Errno -3] Temporary failure in name resolution)"))
2026-05-10 23:24:07,038 - INFO - Connecting to: https://haiphong/danh-ba-dien-tu
2026-05-10 23:24:07,044 - ERROR - Connection error for https://haiphong/danh-ba-dien-tu: HTTPSConnectionPool(host='haiphong', port=443): Max retries exceeded with url: /danh-ba-dien-tu (Caused by NameResolutionError("HTTPSConnection(host='haiphong', port=443): Failed to resolve 'haiphong' ([Errno -3] Temporary failure in name resolution)"))
2026-05-10 23:24:07,045 - INFO - Connecting to: https://haugiang/danh-ba-dien-tu
2026-05-10 23:24:07,052 - ERROR - Connection error for https://haugiang/danh-ba-dien-tu: HTTPSConnectionPool(host='haugiang', port=443): Max retries exceeded with url: /danh-ba-dien-tu (Caused by NameResolutionError("HTTPSConnection(host='haugiang', port=443): Failed to resolve 'haugiang' ([Errno -3] Temporary failure in name resolution)"))
2026-05-10 23:24:07,052 - INFO - Connecting to: https://hoabinh/danh-ba-dien-tu
2026-05-10 23:24:07,060 - ERROR - Connection error for https://hoabinh/danh-ba-dien-tu: HTTPSConnectionPool(host='hoabinh', port=443): Max retries exceeded with url: /danh-ba-dien-tu (Caused by NameResolutionError("HTTPSConnection(host='hoabinh', port=443): Failed to resolve 'hoabinh' ([Errno -3] Temporary failure in name resolution)"))
2026-05-10 23:24:07,060 - INFO - Connecting to: https://hungyen/danh-ba-dien-tu
2026-05-10 23:24:07,067 - ERROR - Connection error for https://hungyen/danh-ba-dien-tu: HTTPSConnectionPool(host='hungyen', port=443): Max retries exceeded with url: /danh-ba-dien-tu (Caused by NameResolutionError("HTTPSConnection(host='hungyen', port=443): Failed to resolve 'hungyen' ([Errno -3] Temporary failure in name resolution)"))
2026-05-10 23:24:07,068 - INFO - Connecting to: https://khanhhoa/danh-ba-dien-tu
2026-05-10 23:24:07,075 - ERROR - Connection error for https://khanhhoa/danh-ba-dien-tu: HTTPSConnectionPool(host='khanhhoa', port=443): Max retries exceeded with url: /danh-ba-dien-tu (Caused by NameResolutionError("HTTPSConnection(host='khanhhoa', port=443): Failed to resolve 'khanhhoa' ([Errno -3] Temporary failure in name resolution)"))
2026-05-10 23:24:07,075 - INFO - Connecting to: https://kiengiang/danh-ba-dien-tu
2026-05-10 23:24:07,085 - ERROR - Connection error for https://kiengiang/danh-ba-dien-tu: HTTPSConnectionPool(host='kiengiang', port=443): Max retries exceeded with url: /danh-ba-dien-tu (Caused by NameResolutionError("HTTPSConnection(host='kiengiang', port=443): Failed to resolve 'kiengiang' ([Errno -3] Temporary failure in name resolution)"))
2026-05-10 23:24:07,086 - INFO - Connecting to: https://kontum/danh-ba-dien-tu
2026-05-10 23:24:07,093 - ERROR - Connection error for https://kontum/danh-ba-dien-tu: HTTPSConnectionPool(host='kontum', port=443): Max retries exceeded with url: /danh-ba-dien-tu (Caused by NameResolutionError("HTTPSConnection(host='kontum', port=443): Failed to resolve 'kontum' ([Errno -3] Temporary failure in name resolution)"))
2026-05-10 23:24:07,094 - INFO - Connecting to: https://laichau/danh-ba-dien-tu
2026-05-10 23:24:07,101 - ERROR - Connection error for https://laichau/danh-ba-dien-tu: HTTPSConnectionPool(host='laichau', port=443): Max retries exceeded with url: /danh-ba-dien-tu (Caused by NameResolutionError("HTTPSConnection(host='laichau', port=443): Failed to resolve 'laichau' ([Errno -3] Temporary failure in name resolution)"))
2026-05-10 23:24:07,102 - INFO - Connecting to: https://langson/danh-ba-dien-tu
2026-05-10 23:24:07,111 - ERROR - Connection error for https://langson/danh-ba-dien-tu: HTTPSConnectionPool(host='langson', port=443): Max retries exceeded with url: /danh-ba-dien-tu (Caused by NameResolutionError("HTTPSConnection(host='langson', port=443): Failed to resolve 'langson' ([Errno -3] Temporary failure in name resolution)"))
2026-05-10 23:24:07,112 - INFO - Connecting to: https://laocai/danh-ba-dien-tu
2026-05-10 23:24:07,120 - ERROR - Connection error for https://laocai/danh-ba-dien-tu: HTTPSConnectionPool(host='laocai', port=443): Max retries exceeded with url: /danh-ba-dien-tu (Caused by NameResolutionError("HTTPSConnection(host='laocai', port=443): Failed to resolve 'laocai' ([Errno -3] Temporary failure in name resolution)"))
2026-05-10 23:24:07,120 - INFO - Connecting to: https://lamdong/danh-ba-dien-tu
2026-05-10 23:24:07,128 - ERROR - Connection error for https://lamdong/danh-ba-dien-tu: HTTPSConnectionPool(host='lamdong', port=443): Max retries exceeded with url: /danh-ba-dien-tu (Caused by NameResolutionError("HTTPSConnection(host='lamdong', port=443): Failed to resolve 'lamdong' ([Errno -3] Temporary failure in name resolution)"))
2026-05-10 23:24:07,129 - INFO - Connecting to: https://longan/danh-ba-dien-tu
2026-05-10 23:24:07,144 - ERROR - Connection error for https://longan/danh-ba-dien-tu: HTTPSConnectionPool(host='longan', port=443): Max retries exceeded with url: /danh-ba-dien-tu (Caused by NameResolutionError("HTTPSConnection(host='longan', port=443): Failed to resolve 'longan' ([Errno -3] Temporary failure in name resolution)"))
2026-05-10 23:24:07,145 - INFO - Connecting to: https://namdinh/danh-ba-dien-tu
2026-05-10 23:24:07,162 - ERROR - Connection error for https://namdinh/danh-ba-dien-tu: HTTPSConnectionPool(host='namdinh', port=443): Max retries exceeded with url: /danh-ba-dien-tu (Caused by NameResolutionError("HTTPSConnection(host='namdinh', port=443): Failed to resolve 'namdinh' ([Errno -3] Temporary failure in name resolution)"))
2026-05-10 23:24:07,162 - INFO - Connecting to: https://nghean/danh-ba-dien-tu
2026-05-10 23:24:07,170 - ERROR - Connection error for https://nghean/danh-ba-dien-tu: HTTPSConnectionPool(host='nghean', port=443): Max retries exceeded with url: /danh-ba-dien-tu (Caused by NameResolutionError("HTTPSConnection(host='nghean', port=443): Failed to resolve 'nghean' ([Errno -3] Temporary failure in name resolution)"))
2026-05-10 23:24:07,171 - INFO - Connecting to: https://ninhbinh/danh-ba-dien-tu
2026-05-10 23:24:07,185 - ERROR - Connection error for https://ninhbinh/danh-ba-dien-tu: HTTPSConnectionPool(host='ninhbinh', port=443): Max retries exceeded with url: /danh-ba-dien-tu (Caused by NameResolutionError("HTTPSConnection(host='ninhbinh', port=443): Failed to resolve 'ninhbinh' ([Errno -3] Temporary failure in name resolution)"))
2026-05-10 23:24:07,186 - INFO - Connecting to: https://ninhthuan/danh-ba-dien-tu
2026-05-10 23:24:07,193 - ERROR - Connection error for https://ninhthuan/danh-ba-dien-tu: HTTPSConnectionPool(host='ninhthuan', port=443): Max retries exceeded with url: /danh-ba-dien-tu (Caused by NameResolutionError("HTTPSConnection(host='ninhthuan', port=443): Failed to resolve 'ninhthuan' ([Errno -3] Temporary failure in name resolution)"))
2026-05-10 23:24:07,193 - INFO - Connecting to: https://phutho/danh-ba-dien-tu
2026-05-10 23:24:07,204 - ERROR - Connection error for https://phutho/danh-ba-dien-tu: HTTPSConnectionPool(host='phutho', port=443): Max retries exceeded with url: /danh-ba-dien-tu (Caused by NameResolutionError("HTTPSConnection(host='phutho', port=443): Failed to resolve 'phutho' ([Errno -3] Temporary failure in name resolution)"))
2026-05-10 23:24:07,205 - INFO - Connecting to: https://phuyen/danh-ba-dien-tu
2026-05-10 23:24:07,212 - ERROR - Connection error for https://phuyen/danh-ba-dien-tu: HTTPSConnectionPool(host='phuyen', port=443): Max retries exceeded with url: /danh-ba-dien-tu (Caused by NameResolutionError("HTTPSConnection(host='phuyen', port=443): Failed to resolve 'phuyen' ([Errno -3] Temporary failure in name resolution)"))
2026-05-10 23:24:07,213 - INFO - Connecting to: https://quangbinh/danh-ba-dien-tu
2026-05-10 23:24:07,222 - ERROR - Connection error for https://quangbinh/danh-ba-dien-tu: HTTPSConnectionPool(host='quangbinh', port=443): Max retries exceeded with url: /danh-ba-dien-tu (Caused by NameResolutionError("HTTPSConnection(host='quangbinh', port=443): Failed to resolve 'quangbinh' ([Errno -3] Temporary failure in name resolution)"))
2026-05-10 23:24:07,223 - INFO - Connecting to: https://quangnam/danh-ba-dien-tu
2026-05-10 23:24:07,230 - ERROR - Connection error for https://quangnam/danh-ba-dien-tu: HTTPSConnectionPool(host='quangnam', port=443): Max retries exceeded with url: /danh-ba-dien-tu (Caused by NameResolutionError("HTTPSConnection(host='quangnam', port=443): Failed to resolve 'quangnam' ([Errno -3] Temporary failure in name resolution)"))
2026-05-10 23:24:07,231 - INFO - Connecting to: https://quangngai/danh-ba-dien-tu
2026-05-10 23:24:07,238 - ERROR - Connection error for https://quangngai/danh-ba-dien-tu: HTTPSConnectionPool(host='quangngai', port=443): Max retries exceeded with url: /danh-ba-dien-tu (Caused by NameResolutionError("HTTPSConnection(host='quangngai', port=443): Failed to resolve 'quangngai' ([Errno -3] Temporary failure in name resolution)"))
2026-05-10 23:24:07,239 - INFO - Connecting to: https://quangninh/danh-ba-dien-tu
2026-05-10 23:24:07,246 - ERROR - Connection error for https://quangninh/danh-ba-dien-tu: HTTPSConnectionPool(host='quangninh', port=443): Max retries exceeded with url: /danh-ba-dien-tu (Caused by NameResolutionError("HTTPSConnection(host='quangninh', port=443): Failed to resolve 'quangninh' ([Errno -3] Temporary failure in name resolution)"))
2026-05-10 23:24:07,247 - INFO - Connecting to: https://quangtri/danh-ba-dien-tu
2026-05-10 23:24:07,255 - ERROR - Connection error for https://quangtri/danh-ba-dien-tu: HTTPSConnectionPool(host='quangtri', port=443): Max retries exceeded with url: /danh-ba-dien-tu (Caused by NameResolutionError("HTTPSConnection(host='quangtri', port=443): Failed to resolve 'quangtri' ([Errno -3] Temporary failure in name resolution)"))
2026-05-10 23:24:07,255 - INFO - Connecting to: https://soctrang/danh-ba-dien-tu
2026-05-10 23:24:07,262 - ERROR - Connection error for https://soctrang/danh-ba-dien-tu: HTTPSConnectionPool(host='soctrang', port=443): Max retries exceeded with url: /danh-ba-dien-tu (Caused by NameResolutionError("HTTPSConnection(host='soctrang', port=443): Failed to resolve 'soctrang' ([Errno -3] Temporary failure in name resolution)"))
2026-05-10 23:24:07,263 - INFO - Connecting to: https://sonla/danh-ba-dien-tu
2026-05-10 23:24:07,270 - ERROR - Connection error for https://sonla/danh-ba-dien-tu: HTTPSConnectionPool(host='sonla', port=443): Max retries exceeded with url: /danh-ba-dien-tu (Caused by NameResolutionError("HTTPSConnection(host='sonla', port=443): Failed to resolve 'sonla' ([Errno -3] Temporary failure in name resolution)"))
2026-05-10 23:24:07,270 - INFO - Connecting to: https://tayninh/danh-ba-dien-tu
2026-05-10 23:24:07,277 - ERROR - Connection error for https://tayninh/danh-ba-dien-tu: HTTPSConnectionPool(host='tayninh', port=443): Max retries exceeded with url: /danh-ba-dien-tu (Caused by NameResolutionError("HTTPSConnection(host='tayninh', port=443): Failed to resolve 'tayninh' ([Errno -3] Temporary failure in name resolution)"))
2026-05-10 23:24:07,278 - INFO - Connecting to: https://thaibinh/danh-ba-dien-tu
2026-05-10 23:24:07,284 - ERROR - Connection error for https://thaibinh/danh-ba-dien-tu: HTTPSConnectionPool(host='thaibinh', port=443): Max retries exceeded with url: /danh-ba-dien-tu (Caused by NameResolutionError("HTTPSConnection(host='thaibinh', port=443): Failed to resolve 'thaibinh' ([Errno -3] Temporary failure in name resolution)"))
2026-05-10 23:24:07,285 - INFO - Connecting to: https://thainguyen/danh-ba-dien-tu
2026-05-10 23:24:07,292 - ERROR - Connection error for https://thainguyen/danh-ba-dien-tu: HTTPSConnectionPool(host='thainguyen', port=443): Max retries exceeded with url: /danh-ba-dien-tu (Caused by NameResolutionError("HTTPSConnection(host='thainguyen', port=443): Failed to resolve 'thainguyen' ([Errno -3] Temporary failure in name resolution)"))
2026-05-10 23:24:07,293 - INFO - Connecting to: https://thanhhoa/danh-ba-dien-tu
2026-05-10 23:24:07,300 - ERROR - Connection error for https://thanhhoa/danh-ba-dien-tu: HTTPSConnectionPool(host='thanhhoa', port=443): Max retries exceeded with url: /danh-ba-dien-tu (Caused by NameResolutionError("HTTPSConnection(host='thanhhoa', port=443): Failed to resolve 'thanhhoa' ([Errno -3] Temporary failure in name resolution)"))
2026-05-10 23:24:07,300 - INFO - Connecting to: https://thuathienhue/danh-ba-dien-tu
2026-05-10 23:24:07,307 - ERROR - Connection error for https://thuathienhue/danh-ba-dien-tu: HTTPSConnectionPool(host='thuathienhue', port=443): Max retries exceeded with url: /danh-ba-dien-tu (Caused by NameResolutionError("HTTPSConnection(host='thuathienhue', port=443): Failed to resolve 'thuathienhue' ([Errno -3] Temporary failure in name resolution)"))
2026-05-10 23:24:07,308 - INFO - Connecting to: https://tiengiang/danh-ba-dien-tu
2026-05-10 23:24:07,315 - ERROR - Connection error for https://tiengiang/danh-ba-dien-tu: HTTPSConnectionPool(host='tiengiang', port=443): Max retries exceeded with url: /danh-ba-dien-tu (Caused by NameResolutionError("HTTPSConnection(host='tiengiang', port=443): Failed to resolve 'tiengiang' ([Errno -3] Temporary failure in name resolution)"))
2026-05-10 23:24:07,316 - INFO - Connecting to: https://tphcm/danh-ba-dien-tu
2026-05-10 23:24:07,322 - ERROR - Connection error for https://tphcm/danh-ba-dien-tu: HTTPSConnectionPool(host='tphcm', port=443): Max retries exceeded with url: /danh-ba-dien-tu (Caused by NameResolutionError("HTTPSConnection(host='tphcm', port=443): Failed to resolve 'tphcm' ([Errno -3] Temporary failure in name resolution)"))
2026-05-10 23:24:07,323 - INFO - Connecting to: https://travinh/danh-ba-dien-tu
2026-05-10 23:24:07,330 - ERROR - Connection error for https://travinh/danh-ba-dien-tu: HTTPSConnectionPool(host='travinh', port=443): Max retries exceeded with url: /danh-ba-dien-tu (Caused by NameResolutionError("HTTPSConnection(host='travinh', port=443): Failed to resolve 'travinh' ([Errno -3] Temporary failure in name resolution)"))
